biohm/build/outputs/logs/manifest-merger-debug-report.txt
-- Merging decision tree log ---
manifest
ADDED from src/main/AndroidManifest.xml:2:1-78:12
	package
		ADDED from src/main/AndroidManifest.xml:2:11-41
		INJECTED from src/main/AndroidManifest.xml
		INJECTED from src/main/AndroidManifest.xml
	android:versionName
		ADDED from src/main/AndroidManifest.xml:5:5-30
		INJECTED from src/main/AndroidManifest.xml
		INJECTED from src/main/AndroidManifest.xml
	android:versionCode
		ADDED from src/main/AndroidManifest.xml:4:5-28
		INJECTED from src/main/AndroidManifest.xml
		INJECTED from src/main/AndroidManifest.xml
	xmlns:android
		ADDED from src/main/AndroidManifest.xml:3:5-63
uses-permission#android.permission.BLUETOOTH
ADDED from src/main/AndroidManifest.xml:9:5-68
	android:name
		ADDED from src/main/AndroidManifest.xml:9:22-65
uses-permission#android.permission.BLUETOOTH_ADMIN
ADDED from src/main/AndroidManifest.xml:10:5-74
	android:name
		ADDED from src/main/AndroidManifest.xml:10:22-71
uses-permission#android.permission.ACCESS_COARSE_LOCATION
ADDED from src/main/AndroidManifest.xml:11:5-80
	android:name
		ADDED from src/main/AndroidManifest.xml:11:22-78
uses-permission#android.permission.WRITE_EXTERNAL_STORAGE
ADDED from src/main/AndroidManifest.xml:12:5-81
	android:name
		ADDED from src/main/AndroidManifest.xml:12:22-78
uses-feature#android.hardware.bluetooth_le
ADDED from src/main/AndroidManifest.xml:14:5-16:35
	android:required
		ADDED from src/main/AndroidManifest.xml:16:9-32
	android:name
		ADDED from src/main/AndroidManifest.xml:15:9-53
application
ADDED from src/main/AndroidManifest.xml:17:5-77:19
MERGED from [com.android.support:design:25.1.1] AndroidManifest.xml:25:5-20
MERGED from [com.android.support:support-v4:25.1.1] AndroidManifest.xml:25:5-20
MERGED from [com.android.support:support-compat:25.1.1] AndroidManifest.xml:25:5-20
MERGED from [com.android.support:support-media-compat:25.1.1] AndroidManifest.xml:25:5-20
MERGED from [com.android.support:support-core-utils:25.1.1] AndroidManifest.xml:25:5-20
MERGED from [com.android.support:support-core-ui:25.1.1] AndroidManifest.xml:25:5-20
MERGED from [com.android.support:support-fragment:25.1.1] AndroidManifest.xml:25:5-20
MERGED from [com.android.support:appcompat-v7:25.1.1] AndroidManifest.xml:25:5-20
MERGED from [com.android.support:support-vector-drawable:25.1.1] AndroidManifest.xml:23:5-20
MERGED from [com.android.support:animated-vector-drawable:25.1.1] AndroidManifest.xml:22:5-20
MERGED from [com.android.support:transition:25.1.1] AndroidManifest.xml:22:5-20
MERGED from [com.android.support:cardview-v7:25.1.1] AndroidManifest.xml:22:5-20
MERGED from [com.android.support.constraint:constraint-layout:1.0.0-beta5] AndroidManifest.xml:9:5-20
	android:label
		ADDED from src/main/AndroidManifest.xml:20:9-41
	android:allowBackup
		ADDED from src/main/AndroidManifest.xml:18:9-35
	android:icon
		ADDED from src/main/AndroidManifest.xml:19:9-45
	android:theme
		ADDED from src/main/AndroidManifest.xml:22:9-44
	android:logo
		ADDED from src/main/AndroidManifest.xml:21:9-49
activity#com.shemanigans.mime.activities.MainActivity
ADDED from src/main/AndroidManifest.xml:23:9-30:20
	android:label
		ADDED from src/main/AndroidManifest.xml:25:13-45
	android:name
		ADDED from src/main/AndroidManifest.xml:24:13-52
intent-filter#android.intent.action.MAIN+android.intent.category.LAUNCHER
ADDED from src/main/AndroidManifest.xml:26:13-29:29
action#android.intent.action.MAIN
ADDED from src/main/AndroidManifest.xml:27:17-69
	android:name
		ADDED from src/main/AndroidManifest.xml:27:25-66
category#android.intent.category.LAUNCHER
ADDED from src/main/AndroidManifest.xml:28:17-77
	android:name
		ADDED from src/main/AndroidManifest.xml:28:27-74
activity#com.shemanigans.mime.fragments.PairFragment
ADDED from src/main/AndroidManifest.xml:31:9-38:20
	android:label
		ADDED from src/main/AndroidManifest.xml:33:13-64
	android:parentActivityName
		ADDED from src/main/AndroidManifest.xml:34:13-66
	android:name
		ADDED from src/main/AndroidManifest.xml:32:13-51
meta-data#android.support.PARENT_ACTIVITY
ADDED from src/main/AndroidManifest.xml:35:13-37:60
	android:value
		ADDED from src/main/AndroidManifest.xml:37:17-57
	android:name
		ADDED from src/main/AndroidManifest.xml:36:17-63
activity#com.shemanigans.mime.Pair
ADDED from src/main/AndroidManifest.xml:39:9-46:20
	android:label
		ADDED from src/main/AndroidManifest.xml:41:13-56
	android:parentActivityName
		ADDED from src/main/AndroidManifest.xml:42:13-66
	android:name
		ADDED from src/main/AndroidManifest.xml:40:13-33
activity#com.shemanigans.mime.fragments.ScanFragment
ADDED from src/main/AndroidManifest.xml:47:9-54:20
	android:label
		ADDED from src/main/AndroidManifest.xml:49:13-56
	android:parentActivityName
		ADDED from src/main/AndroidManifest.xml:50:13-66
	android:name
		ADDED from src/main/AndroidManifest.xml:48:13-51
activity#com.shemanigans.mime.NoFragment
ADDED from src/main/AndroidManifest.xml:55:9-62:20
	android:label
		ADDED from src/main/AndroidManifest.xml:57:13-61
	android:parentActivityName
		ADDED from src/main/AndroidManifest.xml:58:13-66
	android:name
		ADDED from src/main/AndroidManifest.xml:56:13-39
service#com.shemanigans.mime.services.BluetoothLeService
ADDED from src/main/AndroidManifest.xml:64:9-67:71
	android:enabled
		ADDED from src/main/AndroidManifest.xml:66:13-35
	android:label
		ADDED from src/main/AndroidManifest.xml:67:13-68
	android:name
		ADDED from src/main/AndroidManifest.xml:65:13-56
activity#com.shemanigans.mime.activities.OverviewActivity
ADDED from src/main/AndroidManifest.xml:68:9-76:20
	android:label
		ADDED from src/main/AndroidManifest.xml:70:13-61
	android:parentActivityName
		ADDED from src/main/AndroidManifest.xml:72:13-65
	android:launchMode
		ADDED from src/main/AndroidManifest.xml:71:13-44
	android:name
		ADDED from src/main/AndroidManifest.xml:69:13-56
uses-sdk
INJECTED from src/main/AndroidManifest.xml reason: use-sdk injection requested
MERGED from [com.android.support:design:25.1.1] AndroidManifest.xml:21:5-23:62
MERGED from [com.android.support:support-v4:25.1.1] AndroidManifest.xml:21:5-23:54
MERGED from [com.android.support:support-compat:25.1.1] AndroidManifest.xml:21:5-23:58
MERGED from [com.android.support:support-media-compat:25.1.1] AndroidManifest.xml:21:5-23:63
MERGED from [com.android.support:support-core-utils:25.1.1] AndroidManifest.xml:21:5-23:61
MERGED from [com.android.support:support-core-ui:25.1.1] AndroidManifest.xml:21:5-23:58
MERGED from [com.android.support:support-fragment:25.1.1] AndroidManifest.xml:21:5-23:60
MERGED from [com.android.support:appcompat-v7:25.1.1] AndroidManifest.xml:21:5-23:78
MERGED from [com.android.support:support-vector-drawable:25.1.1] AndroidManifest.xml:21:5-43
MERGED from [com.android.support:animated-vector-drawable:25.1.1] AndroidManifest.xml:20:5-44
MERGED from [com.android.support:recyclerview-v7:25.1.1] AndroidManifest.xml:20:5-43
MERGED from [com.android.support:transition:25.1.1] AndroidManifest.xml:20:5-44
MERGED from [com.android.support:cardview-v7:25.1.1] AndroidManifest.xml:20:5-43
MERGED from [com.android.support.constraint:constraint-layout:1.0.0-beta5] AndroidManifest.xml:5:5-7:41
MERGED from [com.androidplot:androidplot-core:1.4.1] AndroidManifest.xml:26:5-28:41
MERGED from [com.halfhp.fig:figlib:1.0.3] AndroidManifest.xml:7:5-9:41
	tools:overrideLibrary
		ADDED from [com.android.support:design:25.1.1] AndroidManifest.xml:23:9-59
	android:targetSdkVersion
		INJECTED from src/main/AndroidManifest.xml
		INJECTED from src/main/AndroidManifest.xml
	android:minSdkVersion
		INJECTED from src/main/AndroidManifest.xml
		INJECTED from src/main/AndroidManifest.xml